2020-10-09T17:12:01-0400 [INFO    ] dandi Traversing remote dandisets (000035) recursively
2020-10-09T17:12:01-0400 [INFO    ] backups2datalad.py Updating metadata file
2020-10-09T17:12:10-0400 [INFO    ] backups2datalad.py Syncing asset /sub-mouse-INETJ/sub-mouse-INETJ_ses-20200407-sample-10_slice-20200407-slice-1_cell-20200407-sample-10_icephys.nwb
2020-10-09T17:12:11-0400 [INFO    ] backups2datalad.py Asset in dataset, and hash shows no modification; will not update
2020-10-09T17:12:11-0400 [INFO    ] backups2datalad.py Syncing asset /sub-mouse-INETJ/sub-mouse-INETJ_ses-20200407-sample-11_slice-20200407-slice-4_cell-20200407-sample-11_icephys.nwb
2020-10-09T17:12:11-0400 [INFO    ] backups2datalad.py Asset in dataset, and hash shows no modification; will not update
2020-10-09T17:12:11-0400 [INFO    ] backups2datalad.py Syncing asset /sub-mouse-INETJ/sub-mouse-INETJ_ses-20200407-sample-12_slice-20200407-slice-4_cell-20200407-sample-12_icephys.nwb
2020-10-09T17:12:11-0400 [INFO    ] backups2datalad.py Asset in dataset, and hash shows no modification; will not update
2020-10-09T17:12:11-0400 [INFO    ] backups2datalad.py Syncing asset /sub-mouse-INETJ/sub-mouse-INETJ_ses-20200407-sample-13_slice-20200407-slice-5_cell-20200407-sample-13_icephys.nwb
2020-10-09T17:12:12-0400 [INFO    ] backups2datalad.py Asset in dataset, and hash shows no modification; will not update
2020-10-09T17:12:12-0400 [INFO    ] backups2datalad.py Syncing asset /sub-mouse-INETJ/sub-mouse-INETJ_ses-20200407-sample-14_slice-20200407-slice-5_cell-20200407-sample-14_icephys.nwb
2020-10-09T17:12:12-0400 [INFO    ] backups2datalad.py Asset in dataset, and hash shows no modification; will not update
2020-10-09T17:12:12-0400 [INFO    ] backups2datalad.py Syncing asset /sub-mouse-INETJ/sub-mouse-INETJ_ses-20200407-sample-15_slice-20200407-slice-5_cell-20200407-sample-15_icephys.nwb
2020-10-09T17:12:12-0400 [INFO    ] backups2datalad.py Asset in dataset, and hash shows no modification; will not update
2020-10-09T17:12:12-0400 [INFO    ] backups2datalad.py Syncing asset /sub-mouse-INETJ/sub-mouse-INETJ_ses-20200407-sample-16_slice-20200407-slice-5_cell-20200407-sample-16_icephys.nwb
2020-10-09T17:12:13-0400 [INFO    ] backups2datalad.py Asset in dataset, and hash shows no modification; will not update
2020-10-09T17:12:13-0400 [INFO    ] backups2datalad.py Syncing asset /sub-mouse-INETJ/sub-mouse-INETJ_ses-20200407-sample-18_slice-20200407-slice-5_cell-20200407-sample-18_icephys.nwb
2020-10-09T17:12:13-0400 [INFO    ] backups2datalad.py Asset in dataset, and hash shows no modification; will not update
2020-10-09T17:12:13-0400 [INFO    ] backups2datalad.py Syncing asset /sub-mouse-INETJ/sub-mouse-INETJ_ses-20200407-sample-19_slice-20200407-slice-5_cell-20200407-sample-19_icephys.nwb
2020-10-09T17:12:14-0400 [INFO    ] backups2datalad.py Asset in dataset, and hash shows no modification; will not update
2020-10-09T17:12:14-0400 [INFO    ] backups2datalad.py Syncing asset /sub-mouse-INETJ/sub-mouse-INETJ_ses-20200407-sample-1_slice-20200407-slice-1_cell-20200407-sample-1_icephys.nwb
2020-10-09T17:12:14-0400 [INFO    ] backups2datalad.py Asset in dataset, and hash shows no modification; will not update
2020-10-09T17:12:14-0400 [INFO    ] backups2datalad.py Syncing asset /sub-mouse-INETJ/sub-mouse-INETJ_ses-20200407-sample-20_slice-20200407-slice-5_cell-20200407-sample-20_icephys.nwb
2020-10-09T17:12:14-0400 [INFO    ] backups2datalad.py Asset in dataset, and hash shows no modification; will not update
2020-10-09T17:12:14-0400 [INFO    ] backups2datalad.py Syncing asset /sub-mouse-INETJ/sub-mouse-INETJ_ses-20200407-sample-21_slice-20200407-slice-5_cell-20200407-sample-21_icephys.nwb
2020-10-09T17:12:15-0400 [INFO    ] backups2datalad.py Asset in dataset, and hash shows no modification; will not update
2020-10-09T17:12:15-0400 [INFO    ] backups2datalad.py Syncing asset /sub-mouse-INETJ/sub-mouse-INETJ_ses-20200407-sample-22_slice-20200407-slice-5_cell-20200407-sample-22_icephys.nwb
2020-10-09T17:12:15-0400 [INFO    ] backups2datalad.py Asset in dataset, and hash shows no modification; will not update
2020-10-09T17:12:15-0400 [INFO    ] backups2datalad.py Syncing asset /sub-mouse-INETJ/sub-mouse-INETJ_ses-20200407-sample-23_slice-20200407-slice-5_cell-20200407-sample-23_icephys.nwb
2020-10-09T17:12:15-0400 [INFO    ] backups2datalad.py Asset in dataset, and hash shows no modification; will not update
2020-10-09T17:12:15-0400 [INFO    ] backups2datalad.py Syncing asset /sub-mouse-INETJ/sub-mouse-INETJ_ses-20200407-sample-24_slice-20200407-slice-5_cell-20200407-sample-24_icephys.nwb
2020-10-09T17:12:16-0400 [INFO    ] backups2datalad.py Asset in dataset, and hash shows no modification; will not update
2020-10-09T17:12:16-0400 [INFO    ] backups2datalad.py Syncing asset /sub-mouse-INETJ/sub-mouse-INETJ_ses-20200407-sample-25_slice-20200407-slice-5_cell-20200407-sample-25_icephys.nwb
2020-10-09T17:12:16-0400 [INFO    ] backups2datalad.py Asset in dataset, and hash shows no modification; will not update
2020-10-09T17:12:16-0400 [INFO    ] backups2datalad.py Syncing asset /sub-mouse-INETJ/sub-mouse-INETJ_ses-20200407-sample-26_slice-20200407-slice-5_cell-20200407-sample-26_icephys.nwb
2020-10-09T17:12:16-0400 [INFO    ] backups2datalad.py Asset in dataset, and hash shows no modification; will not update
2020-10-09T17:12:16-0400 [INFO    ] backups2datalad.py Syncing asset /sub-mouse-INETJ/sub-mouse-INETJ_ses-20200407-sample-2_slice-20200407-slice-1_cell-20200407-sample-2_icephys.nwb
2020-10-09T17:12:17-0400 [INFO    ] backups2datalad.py Asset in dataset, and hash shows no modification; will not update
2020-10-09T17:12:17-0400 [INFO    ] backups2datalad.py Syncing asset /sub-mouse-INETJ/sub-mouse-INETJ_ses-20200407-sample-3_slice-20200407-slice-1_cell-20200407-sample-3_icephys.nwb
2020-10-09T17:12:17-0400 [INFO    ] backups2datalad.py Asset in dataset, and hash shows no modification; will not update
2020-10-09T17:12:17-0400 [INFO    ] backups2datalad.py Syncing asset /sub-mouse-INETJ/sub-mouse-INETJ_ses-20200407-sample-4_slice-20200407-slice-1_cell-20200407-sample-4_icephys.nwb
2020-10-09T17:12:17-0400 [INFO    ] backups2datalad.py Asset in dataset, and hash shows no modification; will not update
2020-10-09T17:12:17-0400 [INFO    ] backups2datalad.py Syncing asset /sub-mouse-INETJ/sub-mouse-INETJ_ses-20200407-sample-5_slice-20200407-slice-1_cell-20200407-sample-5_icephys.nwb
2020-10-09T17:12:18-0400 [INFO    ] backups2datalad.py Asset in dataset, and hash shows no modification; will not update
2020-10-09T17:12:18-0400 [INFO    ] backups2datalad.py Syncing asset /sub-mouse-INETJ/sub-mouse-INETJ_ses-20200407-sample-6_slice-20200407-slice-1_cell-20200407-sample-6_icephys.nwb
2020-10-09T17:12:18-0400 [INFO    ] backups2datalad.py Asset in dataset, and hash shows no modification; will not update
2020-10-09T17:12:18-0400 [INFO    ] backups2datalad.py Syncing asset /sub-mouse-INETJ/sub-mouse-INETJ_ses-20200407-sample-7_slice-20200407-slice-1_cell-20200407-sample-7_icephys.nwb
2020-10-09T17:12:18-0400 [INFO    ] backups2datalad.py Asset in dataset, and hash shows no modification; will not update
2020-10-09T17:12:18-0400 [INFO    ] backups2datalad.py Syncing asset /sub-mouse-INETJ/sub-mouse-INETJ_ses-20200407-sample-8_slice-20200407-slice-1_cell-20200407-sample-8_icephys.nwb
2020-10-09T17:12:19-0400 [INFO    ] backups2datalad.py Asset in dataset, and hash shows no modification; will not update
2020-10-09T17:12:19-0400 [INFO    ] backups2datalad.py Syncing asset /sub-mouse-INETJ/sub-mouse-INETJ_ses-20200407-sample-9_slice-20200407-slice-1_cell-20200407-sample-9_icephys.nwb
2020-10-09T17:12:19-0400 [INFO    ] backups2datalad.py Asset in dataset, and hash shows no modification; will not update
2020-10-09T17:12:19-0400 [INFO    ] backups2datalad.py Syncing asset /sub-mouse-KIYRP/sub-mouse-KIYRP_ses-20200403-sample-10_slice-20200403-slice-3_cell-20200403-sample-10_icephys.nwb
2020-10-09T17:12:19-0400 [INFO    ] backups2datalad.py Asset in dataset, and hash shows no modification; will not update
2020-10-09T17:12:19-0400 [INFO    ] backups2datalad.py Syncing asset /sub-mouse-KIYRP/sub-mouse-KIYRP_ses-20200403-sample-11_slice-20200403-slice-3_cell-20200403-sample-11_icephys.nwb
2020-10-09T17:12:20-0400 [INFO    ] backups2datalad.py Asset in dataset, and hash shows no modification; will not update
2020-10-09T17:12:20-0400 [INFO    ] backups2datalad.py Syncing asset /sub-mouse-KIYRP/sub-mouse-KIYRP_ses-20200403-sample-12_slice-20200403-slice-4_cell-20200403-sample-12_icephys.nwb
2020-10-09T17:12:20-0400 [INFO    ] backups2datalad.py Asset in dataset, and hash shows no modification; will not update
2020-10-09T17:12:20-0400 [INFO    ] backups2datalad.py Syncing asset /sub-mouse-KIYRP/sub-mouse-KIYRP_ses-20200403-sample-13_slice-20200403-slice-4_cell-20200403-sample-13_icephys.nwb
2020-10-09T17:12:21-0400 [INFO    ] backups2datalad.py Asset in dataset, and hash shows no modification; will not update
2020-10-09T17:12:21-0400 [INFO    ] backups2datalad.py Syncing asset /sub-mouse-KIYRP/sub-mouse-KIYRP_ses-20200403-sample-14_slice-20200403-slice-4_cell-20200403-sample-14_icephys.nwb
2020-10-09T17:12:21-0400 [INFO    ] backups2datalad.py Asset in dataset, and hash shows no modification; will not update
2020-10-09T17:12:21-0400 [INFO    ] backups2datalad.py Syncing asset /sub-mouse-KIYRP/sub-mouse-KIYRP_ses-20200403-sample-16_slice-20200403-slice-4_cell-20200403-sample-16_icephys.nwb
2020-10-09T17:12:21-0400 [INFO    ] backups2datalad.py Asset in dataset, and hash shows no modification; will not update
2020-10-09T17:12:21-0400 [INFO    ] backups2datalad.py Syncing asset /sub-mouse-KIYRP/sub-mouse-KIYRP_ses-20200403-sample-1_slice-20200403-slice-1_cell-20200403-sample-1_icephys.nwb
2020-10-09T17:12:22-0400 [INFO    ] backups2datalad.py Asset in dataset, and hash shows no modification; will not update
2020-10-09T17:12:22-0400 [INFO    ] backups2datalad.py Syncing asset /sub-mouse-KIYRP/sub-mouse-KIYRP_ses-20200403-sample-2_slice-20200403-slice-1_cell-20200403-sample-2_icephys.nwb
2020-10-09T17:12:22-0400 [INFO    ] backups2datalad.py Asset in dataset, and hash shows no modification; will not update
2020-10-09T17:12:22-0400 [INFO    ] backups2datalad.py Syncing asset /sub-mouse-KIYRP/sub-mouse-KIYRP_ses-20200403-sample-3_slice-20200403-slice-1_cell-20200403-sample-3_icephys.nwb
2020-10-09T17:12:22-0400 [INFO    ] backups2datalad.py Asset in dataset, and hash shows no modification; will not update
2020-10-09T17:12:22-0400 [INFO    ] backups2datalad.py Syncing asset /sub-mouse-KIYRP/sub-mouse-KIYRP_ses-20200403-sample-4_slice-20200403-slice-1_cell-20200403-sample-4_icephys.nwb
2020-10-09T17:12:23-0400 [INFO    ] backups2datalad.py Asset in dataset, and hash shows no modification; will not update
2020-10-09T17:12:23-0400 [INFO    ] backups2datalad.py Syncing asset /sub-mouse-KIYRP/sub-mouse-KIYRP_ses-20200403-sample-5_slice-20200403-slice-2_cell-20200403-sample-5_icephys.nwb
2020-10-09T17:12:23-0400 [INFO    ] backups2datalad.py Asset in dataset, and hash shows no modification; will not update
2020-10-09T17:12:23-0400 [INFO    ] backups2datalad.py Syncing asset /sub-mouse-KIYRP/sub-mouse-KIYRP_ses-20200403-sample-6_slice-20200403-slice-2_cell-20200403-sample-6_icephys.nwb
2020-10-09T17:12:23-0400 [INFO    ] backups2datalad.py Asset in dataset, and hash shows no modification; will not update
2020-10-09T17:12:23-0400 [INFO    ] backups2datalad.py Syncing asset /sub-mouse-KIYRP/sub-mouse-KIYRP_ses-20200403-sample-7_slice-20200403-slice-2_cell-20200403-sample-7_icephys.nwb
2020-10-09T17:12:24-0400 [INFO    ] backups2datalad.py Asset in dataset, and hash shows no modification; will not update
2020-10-09T17:12:24-0400 [INFO    ] backups2datalad.py Syncing asset /sub-mouse-KIYRP/sub-mouse-KIYRP_ses-20200403-sample-8_slice-20200403-slice-2_cell-20200403-sample-8_icephys.nwb
2020-10-09T17:12:24-0400 [INFO    ] backups2datalad.py Asset in dataset, and hash shows no modification; will not update
2020-10-09T17:12:24-0400 [INFO    ] backups2datalad.py Syncing asset /sub-mouse-KIYRP/sub-mouse-KIYRP_ses-20200403-sample-9_slice-20200403-slice-2_cell-20200403-sample-9_icephys.nwb
2020-10-09T17:12:24-0400 [INFO    ] backups2datalad.py Asset in dataset, and hash shows no modification; will not update
2020-10-09T17:12:24-0400 [INFO    ] backups2datalad.py Syncing asset /sub-mouse-MITSU/sub-mouse-MITSU_ses-20200410-sample-10_slice-20200410-slice-1_cell-20200410-sample-10_icephys.nwb
2020-10-09T17:12:25-0400 [INFO    ] backups2datalad.py Asset in dataset, and hash shows no modification; will not update
2020-10-09T17:12:25-0400 [INFO    ] backups2datalad.py Syncing asset /sub-mouse-MITSU/sub-mouse-MITSU_ses-20200410-sample-11_slice-20200410-slice-1_cell-20200410-sample-11_icephys.nwb
2020-10-09T17:12:25-0400 [INFO    ] backups2datalad.py Asset in dataset, and hash shows no modification; will not update
2020-10-09T17:12:25-0400 [INFO    ] backups2datalad.py Syncing asset /sub-mouse-MITSU/sub-mouse-MITSU_ses-20200410-sample-13_slice-20200410-slice-1_cell-20200410-sample-13_icephys.nwb
2020-10-09T17:12:25-0400 [INFO    ] backups2datalad.py Asset in dataset, and hash shows no modification; will not update
2020-10-09T17:12:25-0400 [INFO    ] backups2datalad.py Syncing asset /sub-mouse-MITSU/sub-mouse-MITSU_ses-20200410-sample-14_slice-20200410-slice-1_cell-20200410-sample-14_icephys.nwb
2020-10-09T17:12:26-0400 [INFO    ] backups2datalad.py Asset in dataset, and hash shows no modification; will not update
2020-10-09T17:12:26-0400 [INFO    ] backups2datalad.py Syncing asset /sub-mouse-MITSU/sub-mouse-MITSU_ses-20200410-sample-15_slice-20200410-slice-1_cell-20200410-sample-15_icephys.nwb
2020-10-09T17:12:26-0400 [INFO    ] backups2datalad.py Asset in dataset, and hash shows no modification; will not update
2020-10-09T17:12:26-0400 [INFO    ] backups2datalad.py Syncing asset /sub-mouse-MITSU/sub-mouse-MITSU_ses-20200410-sample-17_slice-20200410-slice-2_cell-20200410-sample-17_icephys.nwb
2020-10-09T17:12:26-0400 [INFO    ] backups2datalad.py Asset in dataset, and hash shows no modification; will not update
2020-10-09T17:12:26-0400 [INFO    ] backups2datalad.py Syncing asset /sub-mouse-MITSU/sub-mouse-MITSU_ses-20200410-sample-18_slice-20200410-slice-2_cell-20200410-sample-18_icephys.nwb
2020-10-09T17:12:27-0400 [INFO    ] backups2datalad.py Asset in dataset, and hash shows no modification; will not update
2020-10-09T17:12:27-0400 [INFO    ] backups2datalad.py Syncing asset /sub-mouse-MITSU/sub-mouse-MITSU_ses-20200410-sample-1_slice-20200410-slice-1_cell-20200410-sample-1_icephys.nwb
2020-10-09T17:12:27-0400 [INFO    ] backups2datalad.py Asset in dataset, and hash shows no modification; will not update
2020-10-09T17:12:27-0400 [INFO    ] backups2datalad.py Syncing asset /sub-mouse-MITSU/sub-mouse-MITSU_ses-20200410-sample-20_slice-20200410-slice-2_cell-20200410-sample-20_icephys.nwb
2020-10-09T17:12:27-0400 [INFO    ] backups2datalad.py Asset in dataset, and hash shows no modification; will not update
2020-10-09T17:12:27-0400 [INFO    ] backups2datalad.py Syncing asset /sub-mouse-MITSU/sub-mouse-MITSU_ses-20200410-sample-21_slice-20200410-slice-2_cell-20200410-sample-21_icephys.nwb
2020-10-09T17:12:28-0400 [INFO    ] backups2datalad.py Asset in dataset, and hash shows no modification; will not update
2020-10-09T17:12:28-0400 [INFO    ] backups2datalad.py Syncing asset /sub-mouse-MITSU/sub-mouse-MITSU_ses-20200410-sample-22_slice-20200410-slice-2_cell-20200410-sample-22_icephys.nwb
2020-10-09T17:12:28-0400 [INFO    ] backups2datalad.py Asset in dataset, and hash shows no modification; will not update
2020-10-09T17:12:28-0400 [INFO    ] backups2datalad.py Syncing asset /sub-mouse-MITSU/sub-mouse-MITSU_ses-20200410-sample-23_slice-20200410-slice-2_cell-20200410-sample-23_icephys.nwb
2020-10-09T17:12:29-0400 [INFO    ] backups2datalad.py Asset in dataset, and hash shows no modification; will not update
2020-10-09T17:12:29-0400 [INFO    ] backups2datalad.py Syncing asset /sub-mouse-MITSU/sub-mouse-MITSU_ses-20200410-sample-24_slice-20200410-slice-3_cell-20200410-sample-24_icephys.nwb
2020-10-09T17:12:29-0400 [INFO    ] backups2datalad.py Asset in dataset, and hash shows no modification; will not update
2020-10-09T17:12:29-0400 [INFO    ] backups2datalad.py Syncing asset /sub-mouse-MITSU/sub-mouse-MITSU_ses-20200410-sample-26_slice-20200410-slice-3_cell-20200410-sample-26_icephys.nwb
2020-10-09T17:12:29-0400 [INFO    ] backups2datalad.py Asset in dataset, and hash shows no modification; will not update
2020-10-09T17:12:29-0400 [INFO    ] backups2datalad.py Syncing asset /sub-mouse-MITSU/sub-mouse-MITSU_ses-20200410-sample-27_slice-20200410-slice-3_cell-20200410-sample-27_icephys.nwb
2020-10-09T17:12:30-0400 [INFO    ] backups2datalad.py Asset in dataset, and hash shows no modification; will not update
2020-10-09T17:12:30-0400 [INFO    ] backups2datalad.py Syncing asset /sub-mouse-MITSU/sub-mouse-MITSU_ses-20200410-sample-28_slice-20200410-slice-3_cell-20200410-sample-28_icephys.nwb
2020-10-09T17:12:30-0400 [INFO    ] backups2datalad.py Asset in dataset, and hash shows no modification; will not update
2020-10-09T17:12:30-0400 [INFO    ] backups2datalad.py Syncing asset /sub-mouse-MITSU/sub-mouse-MITSU_ses-20200410-sample-29_slice-20200410-slice-3_cell-20200410-sample-29_icephys.nwb
2020-10-09T17:12:30-0400 [INFO    ] backups2datalad.py Asset in dataset, and hash shows no modification; will not update
2020-10-09T17:12:30-0400 [INFO    ] backups2datalad.py Syncing asset /sub-mouse-MITSU/sub-mouse-MITSU_ses-20200410-sample-2_slice-20200410-slice-1_cell-20200410-sample-2_icephys.nwb
2020-10-09T17:12:31-0400 [INFO    ] backups2datalad.py Asset in dataset, and hash shows no modification; will not update
2020-10-09T17:12:31-0400 [INFO    ] backups2datalad.py Syncing asset /sub-mouse-MITSU/sub-mouse-MITSU_ses-20200410-sample-30_slice-20200410-slice-3_cell-20200410-sample-30_icephys.nwb
2020-10-09T17:12:31-0400 [INFO    ] backups2datalad.py Asset in dataset, and hash shows no modification; will not update
2020-10-09T17:12:31-0400 [INFO    ] backups2datalad.py Syncing asset /sub-mouse-MITSU/sub-mouse-MITSU_ses-20200410-sample-4_slice-20200410-slice-1_cell-20200410-sample-4_icephys.nwb
2020-10-09T17:12:31-0400 [INFO    ] backups2datalad.py Asset in dataset, and hash shows no modification; will not update
2020-10-09T17:12:31-0400 [INFO    ] backups2datalad.py Syncing asset /sub-mouse-MITSU/sub-mouse-MITSU_ses-20200410-sample-5_slice-20200410-slice-1_cell-20200410-sample-5_icephys.nwb
2020-10-09T17:12:32-0400 [INFO    ] backups2datalad.py Asset in dataset, and hash shows no modification; will not update
2020-10-09T17:12:32-0400 [INFO    ] backups2datalad.py Syncing asset /sub-mouse-MITSU/sub-mouse-MITSU_ses-20200410-sample-6_slice-20200410-slice-1_cell-20200410-sample-6_icephys.nwb
2020-10-09T17:12:32-0400 [INFO    ] backups2datalad.py Asset in dataset, and hash shows no modification; will not update
2020-10-09T17:12:32-0400 [INFO    ] backups2datalad.py Syncing asset /sub-mouse-MITSU/sub-mouse-MITSU_ses-20200410-sample-7_slice-20200410-slice-1_cell-20200410-sample-7_icephys.nwb
2020-10-09T17:12:32-0400 [INFO    ] backups2datalad.py Asset in dataset, and hash shows no modification; will not update
2020-10-09T17:12:32-0400 [INFO    ] backups2datalad.py Syncing asset /sub-mouse-MITSU/sub-mouse-MITSU_ses-20200410-sample-8_slice-20200410-slice-1_cell-20200410-sample-8_icephys.nwb
2020-10-09T17:12:33-0400 [INFO    ] backups2datalad.py Asset in dataset, and hash shows no modification; will not update
2020-10-09T17:12:33-0400 [INFO    ] backups2datalad.py Syncing asset /sub-mouse-NDKCQ/sub-mouse-NDKCQ_ses-20200409-sample-10_slice-20200409-slice-2_cell-20200409-sample-10_icephys.nwb
2020-10-09T17:12:33-0400 [INFO    ] backups2datalad.py Asset in dataset, and hash shows no modification; will not update
2020-10-09T17:12:33-0400 [INFO    ] backups2datalad.py Syncing asset /sub-mouse-NDKCQ/sub-mouse-NDKCQ_ses-20200409-sample-11_slice-20200409-slice-2_cell-20200409-sample-11_icephys.nwb
2020-10-09T17:12:33-0400 [INFO    ] backups2datalad.py Asset in dataset, and hash shows no modification; will not update
2020-10-09T17:12:33-0400 [INFO    ] backups2datalad.py Syncing asset /sub-mouse-NDKCQ/sub-mouse-NDKCQ_ses-20200409-sample-12_slice-20200409-slice-2_cell-20200409-sample-12_icephys.nwb
2020-10-09T17:12:34-0400 [INFO    ] backups2datalad.py Asset in dataset, and hash shows no modification; will not update
2020-10-09T17:12:34-0400 [INFO    ] backups2datalad.py Syncing asset /sub-mouse-NDKCQ/sub-mouse-NDKCQ_ses-20200409-sample-13_slice-20200409-slice-2_cell-20200409-sample-13_icephys.nwb
2020-10-09T17:12:34-0400 [INFO    ] backups2datalad.py Asset in dataset, and hash shows no modification; will not update
2020-10-09T17:12:34-0400 [INFO    ] backups2datalad.py Syncing asset /sub-mouse-NDKCQ/sub-mouse-NDKCQ_ses-20200409-sample-14_slice-20200409-slice-2_cell-20200409-sample-14_icephys.nwb
2020-10-09T17:12:35-0400 [INFO    ] backups2datalad.py Asset in dataset, and hash shows no modification; will not update
2020-10-09T17:12:35-0400 [INFO    ] backups2datalad.py Syncing asset /sub-mouse-NDKCQ/sub-mouse-NDKCQ_ses-20200409-sample-15_slice-20200409-slice-3_cell-20200409-sample-15_icephys.nwb
2020-10-09T17:12:35-0400 [INFO    ] backups2datalad.py Asset in dataset, and hash shows no modification; will not update
2020-10-09T17:12:35-0400 [INFO    ] backups2datalad.py Syncing asset /sub-mouse-NDKCQ/sub-mouse-NDKCQ_ses-20200409-sample-17_slice-20200409-slice-3_cell-20200409-sample-17_icephys.nwb
2020-10-09T17:12:35-0400 [INFO    ] backups2datalad.py Asset in dataset, and hash shows no modification; will not update
2020-10-09T17:12:35-0400 [INFO    ] backups2datalad.py Syncing asset /sub-mouse-NDKCQ/sub-mouse-NDKCQ_ses-20200409-sample-18_slice-20200409-slice-4_cell-20200409-sample-18_icephys.nwb
2020-10-09T17:12:36-0400 [INFO    ] backups2datalad.py Asset in dataset, and hash shows no modification; will not update
2020-10-09T17:12:36-0400 [INFO    ] backups2datalad.py Syncing asset /sub-mouse-NDKCQ/sub-mouse-NDKCQ_ses-20200409-sample-19_slice-20200409-slice-4_cell-20200409-sample-19_icephys.nwb
2020-10-09T17:12:36-0400 [INFO    ] backups2datalad.py Asset in dataset, and hash shows no modification; will not update
2020-10-09T17:12:36-0400 [INFO    ] backups2datalad.py Syncing asset /sub-mouse-NDKCQ/sub-mouse-NDKCQ_ses-20200409-sample-1_slice-20200409-slice-1_cell-20200409-sample-1_icephys.nwb
2020-10-09T17:12:36-0400 [INFO    ] backups2datalad.py Asset in dataset, and hash shows no modification; will not update
2020-10-09T17:12:36-0400 [INFO    ] backups2datalad.py Syncing asset /sub-mouse-NDKCQ/sub-mouse-NDKCQ_ses-20200409-sample-20_slice-20200409-slice-4_cell-20200409-sample-20_icephys.nwb
2020-10-09T17:12:37-0400 [INFO    ] backups2datalad.py Asset in dataset, and hash shows no modification; will not update
2020-10-09T17:12:37-0400 [INFO    ] backups2datalad.py Syncing asset /sub-mouse-NDKCQ/sub-mouse-NDKCQ_ses-20200409-sample-2_slice-20200409-slice-1_cell-20200409-sample-2_icephys.nwb
2020-10-09T17:12:37-0400 [INFO    ] backups2datalad.py Asset in dataset, and hash shows no modification; will not update
2020-10-09T17:12:37-0400 [INFO    ] backups2datalad.py Syncing asset /sub-mouse-NDKCQ/sub-mouse-NDKCQ_ses-20200409-sample-3_slice-20200409-slice-1_cell-20200409-sample-3_icephys.nwb
2020-10-09T17:12:37-0400 [INFO    ] backups2datalad.py Asset in dataset, and hash shows no modification; will not update
2020-10-09T17:12:37-0400 [INFO    ] backups2datalad.py Syncing asset /sub-mouse-NDKCQ/sub-mouse-NDKCQ_ses-20200409-sample-4_slice-20200409-slice-1_cell-20200409-sample-4_icephys.nwb
2020-10-09T17:12:38-0400 [INFO    ] backups2datalad.py Asset in dataset, and hash shows no modification; will not update
2020-10-09T17:12:38-0400 [INFO    ] backups2datalad.py Syncing asset /sub-mouse-NDKCQ/sub-mouse-NDKCQ_ses-20200409-sample-5_slice-20200409-slice-1_cell-20200409-sample-5_icephys.nwb
2020-10-09T17:12:38-0400 [INFO    ] backups2datalad.py Asset in dataset, and hash shows no modification; will not update
2020-10-09T17:12:38-0400 [INFO    ] backups2datalad.py Syncing asset /sub-mouse-NDKCQ/sub-mouse-NDKCQ_ses-20200409-sample-6_slice-20200409-slice-1_cell-20200409-sample-6_icephys.nwb
2020-10-09T17:12:38-0400 [INFO    ] backups2datalad.py Asset in dataset, and hash shows no modification; will not update
2020-10-09T17:12:38-0400 [INFO    ] backups2datalad.py Syncing asset /sub-mouse-NDKCQ/sub-mouse-NDKCQ_ses-20200409-sample-7_slice-20200409-slice-1_cell-20200409-sample-7_icephys.nwb
2020-10-09T17:12:39-0400 [INFO    ] backups2datalad.py Asset in dataset, and hash shows no modification; will not update
2020-10-09T17:12:39-0400 [INFO    ] backups2datalad.py Syncing asset /sub-mouse-NDKCQ/sub-mouse-NDKCQ_ses-20200409-sample-8_slice-20200409-slice-1_cell-20200409-sample-8_icephys.nwb
2020-10-09T17:12:39-0400 [INFO    ] backups2datalad.py Asset in dataset, and hash shows no modification; will not update
2020-10-09T17:12:39-0400 [INFO    ] backups2datalad.py Syncing asset /sub-mouse-NDKCQ/sub-mouse-NDKCQ_ses-20200409-sample-9_slice-20200409-slice-1_cell-20200409-sample-9_icephys.nwb
2020-10-09T17:12:39-0400 [INFO    ] backups2datalad.py Asset in dataset, and hash shows no modification; will not update
2020-10-09T17:12:39-0400 [INFO    ] backups2datalad.py Syncing asset /sub-mouse-SCEAC/sub-mouse-SCEAC_ses-20200414-sample-10_slice-20200414-slice-2_cell-20200414-sample-10_icephys.nwb
2020-10-09T17:12:40-0400 [INFO    ] backups2datalad.py Asset in dataset, and hash shows no modification; will not update
2020-10-09T17:12:40-0400 [INFO    ] backups2datalad.py Syncing asset /sub-mouse-SCEAC/sub-mouse-SCEAC_ses-20200414-sample-11_slice-20200414-slice-2_cell-20200414-sample-11_icephys.nwb
2020-10-09T17:12:40-0400 [INFO    ] backups2datalad.py Asset in dataset, and hash shows no modification; will not update
2020-10-09T17:12:40-0400 [INFO    ] backups2datalad.py Syncing asset /sub-mouse-SCEAC/sub-mouse-SCEAC_ses-20200414-sample-12_slice-20200414-slice-3_cell-20200414-sample-12_icephys.nwb
2020-10-09T17:12:40-0400 [INFO    ] backups2datalad.py Asset in dataset, and hash shows no modification; will not update
2020-10-09T17:12:40-0400 [INFO    ] backups2datalad.py Syncing asset /sub-mouse-SCEAC/sub-mouse-SCEAC_ses-20200414-sample-13_slice-20200414-slice-3_cell-20200414-sample-13_icephys.nwb
2020-10-09T17:12:41-0400 [INFO    ] backups2datalad.py Asset in dataset, and hash shows no modification; will not update
2020-10-09T17:12:41-0400 [INFO    ] backups2datalad.py Syncing asset /sub-mouse-SCEAC/sub-mouse-SCEAC_ses-20200414-sample-14_slice-20200414-slice-3_cell-20200414-sample-14_icephys.nwb
2020-10-09T17:12:41-0400 [INFO    ] backups2datalad.py Asset in dataset, and hash shows no modification; will not update
2020-10-09T17:12:41-0400 [INFO    ] backups2datalad.py Syncing asset /sub-mouse-SCEAC/sub-mouse-SCEAC_ses-20200414-sample-15_slice-20200414-slice-3_cell-20200414-sample-15_icephys.nwb
2020-10-09T17:12:41-0400 [INFO    ] backups2datalad.py Asset in dataset, and hash shows no modification; will not update
2020-10-09T17:12:41-0400 [INFO    ] backups2datalad.py Syncing asset /sub-mouse-SCEAC/sub-mouse-SCEAC_ses-20200414-sample-16_slice-20200414-slice-3_cell-20200414-sample-16_icephys.nwb
2020-10-09T17:12:42-0400 [INFO    ] backups2datalad.py Asset in dataset, and hash shows no modification; will not update
2020-10-09T17:12:42-0400 [INFO    ] backups2datalad.py Syncing asset /sub-mouse-SCEAC/sub-mouse-SCEAC_ses-20200414-sample-17_slice-20200414-slice-3_cell-20200414-sample-17_icephys.nwb
2020-10-09T17:12:42-0400 [INFO    ] backups2datalad.py Asset in dataset, and hash shows no modification; will not update
2020-10-09T17:12:42-0400 [INFO    ] backups2datalad.py Syncing asset /sub-mouse-SCEAC/sub-mouse-SCEAC_ses-20200414-sample-18_slice-20200414-slice-3_cell-20200414-sample-18_icephys.nwb
2020-10-09T17:12:42-0400 [INFO    ] backups2datalad.py Asset in dataset, and hash shows no modification; will not update
2020-10-09T17:12:42-0400 [INFO    ] backups2datalad.py Syncing asset /sub-mouse-SCEAC/sub-mouse-SCEAC_ses-20200414-sample-19_slice-20200414-slice-3_cell-20200414-sample-19_icephys.nwb
2020-10-09T17:12:43-0400 [INFO    ] backups2datalad.py Asset in dataset, and hash shows no modification; will not update
2020-10-09T17:12:43-0400 [INFO    ] backups2datalad.py Syncing asset /sub-mouse-SCEAC/sub-mouse-SCEAC_ses-20200414-sample-1_slice-20200414-slice-1_cell-20200414-sample-1_icephys.nwb
2020-10-09T17:12:43-0400 [INFO    ] backups2datalad.py Asset in dataset, and hash shows no modification; will not update
2020-10-09T17:12:43-0400 [INFO    ] backups2datalad.py Syncing asset /sub-mouse-SCEAC/sub-mouse-SCEAC_ses-20200414-sample-21_slice-20200414-slice-3_cell-20200414-sample-21_icephys.nwb
2020-10-09T17:12:43-0400 [INFO    ] backups2datalad.py Asset in dataset, and hash shows no modification; will not update
2020-10-09T17:12:43-0400 [INFO    ] backups2datalad.py Syncing asset /sub-mouse-SCEAC/sub-mouse-SCEAC_ses-20200414-sample-22_slice-20200414-slice-3_cell-20200414-sample-22_icephys.nwb
2020-10-09T17:12:44-0400 [INFO    ] backups2datalad.py Asset in dataset, and hash shows no modification; will not update
2020-10-09T17:12:44-0400 [INFO    ] backups2datalad.py Syncing asset /sub-mouse-SCEAC/sub-mouse-SCEAC_ses-20200414-sample-23_slice-20200414-slice-3_cell-20200414-sample-23_icephys.nwb
2020-10-09T17:12:44-0400 [INFO    ] backups2datalad.py Asset in dataset, and hash shows no modification; will not update
2020-10-09T17:12:44-0400 [INFO    ] backups2datalad.py Syncing asset /sub-mouse-SCEAC/sub-mouse-SCEAC_ses-20200414-sample-24_slice-20200414-slice-3_cell-20200414-sample-24_icephys.nwb
2020-10-09T17:12:44-0400 [INFO    ] backups2datalad.py Asset in dataset, and hash shows no modification; will not update
2020-10-09T17:12:44-0400 [INFO    ] backups2datalad.py Syncing asset /sub-mouse-SCEAC/sub-mouse-SCEAC_ses-20200414-sample-25_slice-20200414-slice-3_cell-20200414-sample-25_icephys.nwb
2020-10-09T17:12:45-0400 [INFO    ] backups2datalad.py Asset in dataset, and hash shows no modification; will not update
2020-10-09T17:12:45-0400 [INFO    ] backups2datalad.py Syncing asset /sub-mouse-SCEAC/sub-mouse-SCEAC_ses-20200414-sample-26_slice-20200414-slice-3_cell-20200414-sample-26_icephys.nwb
2020-10-09T17:12:45-0400 [INFO    ] backups2datalad.py Asset in dataset, and hash shows no modification; will not update
2020-10-09T17:12:45-0400 [INFO    ] backups2datalad.py Syncing asset /sub-mouse-SCEAC/sub-mouse-SCEAC_ses-20200414-sample-27_slice-20200414-slice-3_cell-20200414-sample-27_icephys.nwb
2020-10-09T17:12:45-0400 [INFO    ] backups2datalad.py Asset in dataset, and hash shows no modification; will not update
2020-10-09T17:12:45-0400 [INFO    ] backups2datalad.py Syncing asset /sub-mouse-SCEAC/sub-mouse-SCEAC_ses-20200414-sample-2_slice-20200414-slice-1_cell-20200414-sample-2_icephys.nwb
2020-10-09T17:12:46-0400 [INFO    ] backups2datalad.py Asset in dataset, and hash shows no modification; will not update
2020-10-09T17:12:46-0400 [INFO    ] backups2datalad.py Syncing asset /sub-mouse-SCEAC/sub-mouse-SCEAC_ses-20200414-sample-3_slice-20200414-slice-1_cell-20200414-sample-3_icephys.nwb
2020-10-09T17:12:46-0400 [INFO    ] backups2datalad.py Asset in dataset, and hash shows no modification; will not update
2020-10-09T17:12:46-0400 [INFO    ] backups2datalad.py Syncing asset /sub-mouse-SCEAC/sub-mouse-SCEAC_ses-20200414-sample-4_slice-20200414-slice-1_cell-20200414-sample-4_icephys.nwb
2020-10-09T17:12:46-0400 [INFO    ] backups2datalad.py Asset in dataset, and hash shows no modification; will not update
2020-10-09T17:12:46-0400 [INFO    ] backups2datalad.py Syncing asset /sub-mouse-SCEAC/sub-mouse-SCEAC_ses-20200414-sample-5_slice-20200414-slice-2_cell-20200414-sample-5_icephys.nwb
2020-10-09T17:12:47-0400 [INFO    ] backups2datalad.py Asset in dataset, and hash shows no modification; will not update
2020-10-09T17:12:47-0400 [INFO    ] backups2datalad.py Syncing asset /sub-mouse-SCEAC/sub-mouse-SCEAC_ses-20200414-sample-6_slice-20200414-slice-2_cell-20200414-sample-6_icephys.nwb
2020-10-09T17:12:47-0400 [INFO    ] backups2datalad.py Asset in dataset, and hash shows no modification; will not update
2020-10-09T17:12:47-0400 [INFO    ] backups2datalad.py Syncing asset /sub-mouse-SCEAC/sub-mouse-SCEAC_ses-20200414-sample-7_slice-20200414-slice-2_cell-20200414-sample-7_icephys.nwb
2020-10-09T17:12:47-0400 [INFO    ] backups2datalad.py Asset in dataset, and hash shows no modification; will not update
2020-10-09T17:12:47-0400 [INFO    ] backups2datalad.py Syncing asset /sub-mouse-SCEAC/sub-mouse-SCEAC_ses-20200414-sample-8_slice-20200414-slice-2_cell-20200414-sample-8_icephys.nwb
2020-10-09T17:12:48-0400 [INFO    ] backups2datalad.py Asset in dataset, and hash shows no modification; will not update
2020-10-09T17:12:48-0400 [INFO    ] backups2datalad.py Syncing asset /sub-mouse-SCEAC/sub-mouse-SCEAC_ses-20200414-sample-9_slice-20200414-slice-2_cell-20200414-sample-9_icephys.nwb
2020-10-09T17:12:48-0400 [INFO    ] backups2datalad.py Asset in dataset, and hash shows no modification; will not update
2020-10-09T17:12:48-0400 [INFO    ] backups2datalad.py Syncing asset /sub-mouse-UEQOU/sub-mouse-UEQOU_ses-20200413-sample-10_slice-20200413-slice-2_cell-20200413-sample-10_icephys.nwb
2020-10-09T17:12:48-0400 [INFO    ] backups2datalad.py Asset in dataset, and hash shows no modification; will not update
2020-10-09T17:12:48-0400 [INFO    ] backups2datalad.py Syncing asset /sub-mouse-UEQOU/sub-mouse-UEQOU_ses-20200413-sample-11_slice-20200413-slice-2_cell-20200413-sample-11_icephys.nwb
2020-10-09T17:12:49-0400 [INFO    ] backups2datalad.py Asset in dataset, and hash shows no modification; will not update
2020-10-09T17:12:49-0400 [INFO    ] backups2datalad.py Syncing asset /sub-mouse-UEQOU/sub-mouse-UEQOU_ses-20200413-sample-12_slice-20200413-slice-2_cell-20200413-sample-12_icephys.nwb
2020-10-09T17:12:49-0400 [INFO    ] backups2datalad.py Asset in dataset, and hash shows no modification; will not update
2020-10-09T17:12:49-0400 [INFO    ] backups2datalad.py Syncing asset /sub-mouse-UEQOU/sub-mouse-UEQOU_ses-20200413-sample-13_slice-20200413-slice-2_cell-20200413-sample-13_icephys.nwb
2020-10-09T17:12:50-0400 [INFO    ] backups2datalad.py Asset in dataset, and hash shows no modification; will not update
2020-10-09T17:12:50-0400 [INFO    ] backups2datalad.py Syncing asset /sub-mouse-UEQOU/sub-mouse-UEQOU_ses-20200413-sample-14_slice-20200413-slice-2_cell-20200413-sample-14_icephys.nwb
2020-10-09T17:12:50-0400 [INFO    ] backups2datalad.py Asset in dataset, and hash shows no modification; will not update
2020-10-09T17:12:50-0400 [INFO    ] backups2datalad.py Syncing asset /sub-mouse-UEQOU/sub-mouse-UEQOU_ses-20200413-sample-15_slice-20200413-slice-2_cell-20200413-sample-15_icephys.nwb
2020-10-09T17:12:50-0400 [INFO    ] backups2datalad.py Asset in dataset, and hash shows no modification; will not update
2020-10-09T17:12:50-0400 [INFO    ] backups2datalad.py Syncing asset /sub-mouse-UEQOU/sub-mouse-UEQOU_ses-20200413-sample-16_slice-20200413-slice-2_cell-20200413-sample-16_icephys.nwb
2020-10-09T17:12:51-0400 [INFO    ] backups2datalad.py Asset in dataset, and hash shows no modification; will not update
2020-10-09T17:12:51-0400 [INFO    ] backups2datalad.py Syncing asset /sub-mouse-UEQOU/sub-mouse-UEQOU_ses-20200413-sample-17_slice-20200413-slice-2_cell-20200413-sample-17_icephys.nwb
2020-10-09T17:12:51-0400 [INFO    ] backups2datalad.py Asset in dataset, and hash shows no modification; will not update
2020-10-09T17:12:51-0400 [INFO    ] backups2datalad.py Syncing asset /sub-mouse-UEQOU/sub-mouse-UEQOU_ses-20200413-sample-18_slice-20200413-slice-2_cell-20200413-sample-18_icephys.nwb
2020-10-09T17:12:51-0400 [INFO    ] backups2datalad.py Asset in dataset, and hash shows no modification; will not update
2020-10-09T17:12:51-0400 [INFO    ] backups2datalad.py Syncing asset /sub-mouse-UEQOU/sub-mouse-UEQOU_ses-20200413-sample-19_slice-20200413-slice-2_cell-20200413-sample-19_icephys.nwb
2020-10-09T17:12:52-0400 [INFO    ] backups2datalad.py Asset in dataset, and hash shows no modification; will not update
2020-10-09T17:12:52-0400 [INFO    ] backups2datalad.py Syncing asset /sub-mouse-UEQOU/sub-mouse-UEQOU_ses-20200413-sample-1_slice-20200413-slice-1_cell-20200413-sample-1_icephys.nwb
2020-10-09T17:12:52-0400 [INFO    ] backups2datalad.py Asset in dataset, and hash shows no modification; will not update
2020-10-09T17:12:52-0400 [INFO    ] backups2datalad.py Syncing asset /sub-mouse-UEQOU/sub-mouse-UEQOU_ses-20200413-sample-20_slice-20200413-slice-3_cell-20200413-sample-20_icephys.nwb
2020-10-09T17:12:52-0400 [INFO    ] backups2datalad.py Asset in dataset, and hash shows no modification; will not update
2020-10-09T17:12:52-0400 [INFO    ] backups2datalad.py Syncing asset /sub-mouse-UEQOU/sub-mouse-UEQOU_ses-20200413-sample-21_slice-20200413-slice-3_cell-20200413-sample-21_icephys.nwb
2020-10-09T17:12:53-0400 [INFO    ] backups2datalad.py Asset in dataset, and hash shows no modification; will not update
2020-10-09T17:12:53-0400 [INFO    ] backups2datalad.py Syncing asset /sub-mouse-UEQOU/sub-mouse-UEQOU_ses-20200413-sample-22_slice-20200413-slice-3_cell-20200413-sample-22_icephys.nwb
2020-10-09T17:12:53-0400 [INFO    ] backups2datalad.py Asset in dataset, and hash shows no modification; will not update
2020-10-09T17:12:53-0400 [INFO    ] backups2datalad.py Syncing asset /sub-mouse-UEQOU/sub-mouse-UEQOU_ses-20200413-sample-23_slice-20200413-slice-3_cell-20200413-sample-23_icephys.nwb
2020-10-09T17:12:53-0400 [INFO    ] backups2datalad.py Asset in dataset, and hash shows no modification; will not update
2020-10-09T17:12:53-0400 [INFO    ] backups2datalad.py Syncing asset /sub-mouse-UEQOU/sub-mouse-UEQOU_ses-20200413-sample-2_slice-20200413-slice-1_cell-20200413-sample-2_icephys.nwb
2020-10-09T17:12:54-0400 [INFO    ] backups2datalad.py Asset in dataset, and hash shows no modification; will not update
2020-10-09T17:12:54-0400 [INFO    ] backups2datalad.py Syncing asset /sub-mouse-UEQOU/sub-mouse-UEQOU_ses-20200413-sample-3_slice-20200413-slice-1_cell-20200413-sample-3_icephys.nwb
2020-10-09T17:12:54-0400 [INFO    ] backups2datalad.py Asset in dataset, and hash shows no modification; will not update
2020-10-09T17:12:54-0400 [INFO    ] backups2datalad.py Syncing asset /sub-mouse-UEQOU/sub-mouse-UEQOU_ses-20200413-sample-4_slice-20200413-slice-1_cell-20200413-sample-4_icephys.nwb
2020-10-09T17:12:54-0400 [INFO    ] backups2datalad.py Asset in dataset, and hash shows no modification; will not update
2020-10-09T17:12:54-0400 [INFO    ] backups2datalad.py Syncing asset /sub-mouse-UEQOU/sub-mouse-UEQOU_ses-20200413-sample-5_slice-20200413-slice-1_cell-20200413-sample-5_icephys.nwb
2020-10-09T17:12:55-0400 [INFO    ] backups2datalad.py Asset in dataset, and hash shows no modification; will not update
2020-10-09T17:12:55-0400 [INFO    ] backups2datalad.py Syncing asset /sub-mouse-UEQOU/sub-mouse-UEQOU_ses-20200413-sample-6_slice-20200413-slice-1_cell-20200413-sample-6_icephys.nwb
2020-10-09T17:12:55-0400 [INFO    ] backups2datalad.py Asset in dataset, and hash shows no modification; will not update
2020-10-09T17:12:55-0400 [INFO    ] backups2datalad.py Syncing asset /sub-mouse-UEQOU/sub-mouse-UEQOU_ses-20200413-sample-7_slice-20200413-slice-2_cell-20200413-sample-7_icephys.nwb
2020-10-09T17:12:55-0400 [INFO    ] backups2datalad.py Asset in dataset, and hash shows no modification; will not update
2020-10-09T17:12:55-0400 [INFO    ] backups2datalad.py Syncing asset /sub-mouse-UEQOU/sub-mouse-UEQOU_ses-20200413-sample-8_slice-20200413-slice-2_cell-20200413-sample-8_icephys.nwb
2020-10-09T17:12:56-0400 [INFO    ] backups2datalad.py Asset in dataset, and hash shows no modification; will not update
2020-10-09T17:12:56-0400 [INFO    ] backups2datalad.py Syncing asset /sub-mouse-UEQOU/sub-mouse-UEQOU_ses-20200413-sample-9_slice-20200413-slice-2_cell-20200413-sample-9_icephys.nwb
2020-10-09T17:12:56-0400 [INFO    ] backups2datalad.py Asset in dataset, and hash shows no modification; will not update
2020-10-09T17:12:56-0400 [INFO    ] backups2datalad.py Syncing asset /sub-mouse-WPOGH/sub-mouse-WPOGH_ses-20200406-sample-10_slice-20200406-slice-3_cell-20200406-sample-10_icephys.nwb
2020-10-09T17:12:57-0400 [INFO    ] backups2datalad.py Asset in dataset, and hash shows no modification; will not update
2020-10-09T17:12:57-0400 [INFO    ] backups2datalad.py Syncing asset /sub-mouse-WPOGH/sub-mouse-WPOGH_ses-20200406-sample-11_slice-20200406-slice-3_cell-20200406-sample-11_icephys.nwb
2020-10-09T17:12:57-0400 [INFO    ] backups2datalad.py Asset in dataset, and hash shows no modification; will not update
2020-10-09T17:12:57-0400 [INFO    ] backups2datalad.py Syncing asset /sub-mouse-WPOGH/sub-mouse-WPOGH_ses-20200406-sample-12_slice-20200406-slice-4_cell-20200406-sample-12_icephys.nwb
2020-10-09T17:12:57-0400 [INFO    ] backups2datalad.py Asset in dataset, and hash shows no modification; will not update
2020-10-09T17:12:57-0400 [INFO    ] backups2datalad.py Syncing asset /sub-mouse-WPOGH/sub-mouse-WPOGH_ses-20200406-sample-13_slice-20200406-slice-4_cell-20200406-sample-13_icephys.nwb
2020-10-09T17:12:57-0400 [INFO    ] backups2datalad.py Asset in dataset, and hash shows no modification; will not update
2020-10-09T17:12:57-0400 [INFO    ] backups2datalad.py Syncing asset /sub-mouse-WPOGH/sub-mouse-WPOGH_ses-20200406-sample-15_slice-20200406-slice-4_cell-20200406-sample-15_icephys.nwb
2020-10-09T17:12:58-0400 [INFO    ] backups2datalad.py Asset in dataset, and hash shows no modification; will not update
2020-10-09T17:12:58-0400 [INFO    ] backups2datalad.py Syncing asset /sub-mouse-WPOGH/sub-mouse-WPOGH_ses-20200406-sample-16_slice-20200406-slice-4_cell-20200406-sample-16_icephys.nwb
2020-10-09T17:12:58-0400 [INFO    ] backups2datalad.py Asset in dataset, and hash shows no modification; will not update
2020-10-09T17:12:58-0400 [INFO    ] backups2datalad.py Syncing asset /sub-mouse-WPOGH/sub-mouse-WPOGH_ses-20200406-sample-17_slice-20200406-slice-4_cell-20200406-sample-17_icephys.nwb
2020-10-09T17:12:58-0400 [INFO    ] backups2datalad.py Asset in dataset, and hash shows no modification; will not update
2020-10-09T17:12:58-0400 [INFO    ] backups2datalad.py Syncing asset /sub-mouse-WPOGH/sub-mouse-WPOGH_ses-20200406-sample-19_slice-20200406-slice-4_cell-20200406-sample-19_icephys.nwb
2020-10-09T17:12:59-0400 [INFO    ] backups2datalad.py Asset in dataset, and hash shows no modification; will not update
2020-10-09T17:12:59-0400 [INFO    ] backups2datalad.py Syncing asset /sub-mouse-WPOGH/sub-mouse-WPOGH_ses-20200406-sample-1_slice-20200406-slice-1_cell-20200406-sample-1_icephys.nwb
2020-10-09T17:12:59-0400 [INFO    ] backups2datalad.py Asset in dataset, and hash shows no modification; will not update
2020-10-09T17:12:59-0400 [INFO    ] backups2datalad.py Syncing asset /sub-mouse-WPOGH/sub-mouse-WPOGH_ses-20200406-sample-20_slice-20200406-slice-4_cell-20200406-sample-20_icephys.nwb
2020-10-09T17:13:00-0400 [INFO    ] backups2datalad.py Asset in dataset, and hash shows no modification; will not update
2020-10-09T17:13:00-0400 [INFO    ] backups2datalad.py Syncing asset /sub-mouse-WPOGH/sub-mouse-WPOGH_ses-20200406-sample-21_slice-20200406-slice-4_cell-20200406-sample-21_icephys.nwb
2020-10-09T17:13:00-0400 [INFO    ] backups2datalad.py Asset in dataset, and hash shows no modification; will not update
2020-10-09T17:13:00-0400 [INFO    ] backups2datalad.py Syncing asset /sub-mouse-WPOGH/sub-mouse-WPOGH_ses-20200406-sample-22_slice-20200406-slice-4_cell-20200406-sample-22_icephys.nwb
2020-10-09T17:13:00-0400 [INFO    ] backups2datalad.py Asset in dataset, and hash shows no modification; will not update
2020-10-09T17:13:00-0400 [INFO    ] backups2datalad.py Syncing asset /sub-mouse-WPOGH/sub-mouse-WPOGH_ses-20200406-sample-23_slice-20200406-slice-4_cell-20200406-sample-23_icephys.nwb
2020-10-09T17:13:01-0400 [INFO    ] backups2datalad.py Asset in dataset, and hash shows no modification; will not update
2020-10-09T17:13:01-0400 [INFO    ] backups2datalad.py Syncing asset /sub-mouse-WPOGH/sub-mouse-WPOGH_ses-20200406-sample-24_slice-20200406-slice-4_cell-20200406-sample-24_icephys.nwb
2020-10-09T17:13:01-0400 [INFO    ] backups2datalad.py Asset in dataset, and hash shows no modification; will not update
2020-10-09T17:13:01-0400 [INFO    ] backups2datalad.py Syncing asset /sub-mouse-WPOGH/sub-mouse-WPOGH_ses-20200406-sample-25_slice-20200406-slice-5_cell-20200406-sample-25_icephys.nwb
2020-10-09T17:13:01-0400 [INFO    ] backups2datalad.py Asset in dataset, and hash shows no modification; will not update
2020-10-09T17:13:01-0400 [INFO    ] backups2datalad.py Syncing asset /sub-mouse-WPOGH/sub-mouse-WPOGH_ses-20200406-sample-27_slice-20200406-slice-5_cell-20200406-sample-27_icephys.nwb
2020-10-09T17:13:02-0400 [INFO    ] backups2datalad.py Asset in dataset, and hash shows no modification; will not update
2020-10-09T17:13:02-0400 [INFO    ] backups2datalad.py Syncing asset /sub-mouse-WPOGH/sub-mouse-WPOGH_ses-20200406-sample-28_slice-20200406-slice-6_cell-20200406-sample-28_icephys.nwb
2020-10-09T17:13:02-0400 [INFO    ] backups2datalad.py Asset in dataset, and hash shows no modification; will not update
2020-10-09T17:13:02-0400 [INFO    ] backups2datalad.py Syncing asset /sub-mouse-WPOGH/sub-mouse-WPOGH_ses-20200406-sample-29_slice-20200406-slice-6_cell-20200406-sample-29_icephys.nwb
2020-10-09T17:13:02-0400 [INFO    ] backups2datalad.py Asset in dataset, and hash shows no modification; will not update
2020-10-09T17:13:02-0400 [INFO    ] backups2datalad.py Syncing asset /sub-mouse-WPOGH/sub-mouse-WPOGH_ses-20200406-sample-2_slice-20200406-slice-1_cell-20200406-sample-2_icephys.nwb
2020-10-09T17:13:03-0400 [INFO    ] backups2datalad.py Asset in dataset, and hash shows no modification; will not update
2020-10-09T17:13:03-0400 [INFO    ] backups2datalad.py Syncing asset /sub-mouse-WPOGH/sub-mouse-WPOGH_ses-20200406-sample-30_slice-20200406-slice-6_cell-20200406-sample-30_icephys.nwb
2020-10-09T17:13:03-0400 [INFO    ] backups2datalad.py Asset in dataset, and hash shows no modification; will not update
2020-10-09T17:13:03-0400 [INFO    ] backups2datalad.py Syncing asset /sub-mouse-WPOGH/sub-mouse-WPOGH_ses-20200406-sample-31_slice-20200406-slice-6_cell-20200406-sample-31_icephys.nwb
2020-10-09T17:13:03-0400 [INFO    ] backups2datalad.py Asset in dataset, and hash shows no modification; will not update
2020-10-09T17:13:03-0400 [INFO    ] backups2datalad.py Syncing asset /sub-mouse-WPOGH/sub-mouse-WPOGH_ses-20200406-sample-32_slice-20200406-slice-6_cell-20200406-sample-32_icephys.nwb
2020-10-09T17:13:04-0400 [INFO    ] backups2datalad.py Asset in dataset, and hash shows no modification; will not update
2020-10-09T17:13:04-0400 [INFO    ] backups2datalad.py Syncing asset /sub-mouse-WPOGH/sub-mouse-WPOGH_ses-20200406-sample-3_slice-20200406-slice-1_cell-20200406-sample-3_icephys.nwb
2020-10-09T17:13:04-0400 [INFO    ] backups2datalad.py Asset in dataset, and hash shows no modification; will not update
2020-10-09T17:13:04-0400 [INFO    ] backups2datalad.py Syncing asset /sub-mouse-WPOGH/sub-mouse-WPOGH_ses-20200406-sample-4_slice-20200406-slice-2_cell-20200406-sample-4_icephys.nwb
2020-10-09T17:13:04-0400 [INFO    ] backups2datalad.py Asset in dataset, and hash shows no modification; will not update
2020-10-09T17:13:04-0400 [INFO    ] backups2datalad.py Syncing asset /sub-mouse-WPOGH/sub-mouse-WPOGH_ses-20200406-sample-5_slice-20200406-slice-2_cell-20200406-sample-5_icephys.nwb
2020-10-09T17:13:05-0400 [INFO    ] backups2datalad.py Asset in dataset, and hash shows no modification; will not update
2020-10-09T17:13:05-0400 [INFO    ] backups2datalad.py Syncing asset /sub-mouse-WPOGH/sub-mouse-WPOGH_ses-20200406-sample-6_slice-20200406-slice-2_cell-20200406-sample-6_icephys.nwb
2020-10-09T17:13:05-0400 [INFO    ] backups2datalad.py Asset in dataset, and hash shows no modification; will not update
2020-10-09T17:13:05-0400 [INFO    ] backups2datalad.py Syncing asset /sub-mouse-WPOGH/sub-mouse-WPOGH_ses-20200406-sample-7_slice-20200406-slice-2_cell-20200406-sample-7_icephys.nwb
2020-10-09T17:13:05-0400 [INFO    ] backups2datalad.py Asset in dataset, and hash shows no modification; will not update
2020-10-09T17:13:05-0400 [INFO    ] backups2datalad.py Syncing asset /sub-mouse-ZUDOB/sub-mouse-ZUDOB_ses-20200408-sample-11_slice-20200408-slice-3_cell-20200408-sample-11_icephys.nwb
2020-10-09T17:13:06-0400 [INFO    ] backups2datalad.py Asset in dataset, and hash shows no modification; will not update
2020-10-09T17:13:06-0400 [INFO    ] backups2datalad.py Syncing asset /sub-mouse-ZUDOB/sub-mouse-ZUDOB_ses-20200408-sample-12_slice-20200408-slice-3_cell-20200408-sample-12_icephys.nwb
2020-10-09T17:13:06-0400 [INFO    ] backups2datalad.py Asset in dataset, and hash shows no modification; will not update
2020-10-09T17:13:06-0400 [INFO    ] backups2datalad.py Syncing asset /sub-mouse-ZUDOB/sub-mouse-ZUDOB_ses-20200408-sample-13_slice-20200408-slice-3_cell-20200408-sample-13_icephys.nwb
2020-10-09T17:13:06-0400 [INFO    ] backups2datalad.py Asset in dataset, and hash shows no modification; will not update
2020-10-09T17:13:06-0400 [INFO    ] backups2datalad.py Syncing asset /sub-mouse-ZUDOB/sub-mouse-ZUDOB_ses-20200408-sample-14_slice-20200408-slice-3_cell-20200408-sample-14_icephys.nwb
2020-10-09T17:13:07-0400 [INFO    ] backups2datalad.py Asset in dataset, and hash shows no modification; will not update
2020-10-09T17:13:07-0400 [INFO    ] backups2datalad.py Syncing asset /sub-mouse-ZUDOB/sub-mouse-ZUDOB_ses-20200408-sample-15_slice-20200408-slice-3_cell-20200408-sample-15_icephys.nwb
2020-10-09T17:13:07-0400 [INFO    ] backups2datalad.py Asset in dataset, and hash shows no modification; will not update
2020-10-09T17:13:07-0400 [INFO    ] backups2datalad.py Syncing asset /sub-mouse-ZUDOB/sub-mouse-ZUDOB_ses-20200408-sample-16_slice-20200408-slice-3_cell-20200408-sample-16_icephys.nwb
2020-10-09T17:13:07-0400 [INFO    ] backups2datalad.py Asset in dataset, and hash shows no modification; will not update
2020-10-09T17:13:07-0400 [INFO    ] backups2datalad.py Syncing asset /sub-mouse-ZUDOB/sub-mouse-ZUDOB_ses-20200408-sample-17_slice-20200408-slice-3_cell-20200408-sample-17_icephys.nwb
2020-10-09T17:13:08-0400 [INFO    ] backups2datalad.py Asset in dataset, and hash shows no modification; will not update
2020-10-09T17:13:08-0400 [INFO    ] backups2datalad.py Syncing asset /sub-mouse-ZUDOB/sub-mouse-ZUDOB_ses-20200408-sample-18_slice-20200408-slice-4_cell-20200408-sample-18_icephys.nwb
2020-10-09T17:13:08-0400 [INFO    ] backups2datalad.py Asset in dataset, and hash shows no modification; will not update
2020-10-09T17:13:08-0400 [INFO    ] backups2datalad.py Syncing asset /sub-mouse-ZUDOB/sub-mouse-ZUDOB_ses-20200408-sample-19_slice-20200408-slice-4_cell-20200408-sample-19_icephys.nwb
2020-10-09T17:13:08-0400 [INFO    ] backups2datalad.py Asset in dataset, and hash shows no modification; will not update
2020-10-09T17:13:08-0400 [INFO    ] backups2datalad.py Syncing asset /sub-mouse-ZUDOB/sub-mouse-ZUDOB_ses-20200408-sample-1_slice-20200408-slice-1_cell-20200408-sample-1_icephys.nwb
2020-10-09T17:13:09-0400 [INFO    ] backups2datalad.py Asset in dataset, and hash shows no modification; will not update
2020-10-09T17:13:09-0400 [INFO    ] backups2datalad.py Syncing asset /sub-mouse-ZUDOB/sub-mouse-ZUDOB_ses-20200408-sample-20_slice-20200408-slice-4_cell-20200408-sample-20_icephys.nwb
2020-10-09T17:13:09-0400 [INFO    ] backups2datalad.py Asset in dataset, and hash shows no modification; will not update
2020-10-09T17:13:09-0400 [INFO    ] backups2datalad.py Syncing asset /sub-mouse-ZUDOB/sub-mouse-ZUDOB_ses-20200408-sample-21_slice-20200408-slice-4_cell-20200408-sample-21_icephys.nwb
2020-10-09T17:13:09-0400 [INFO    ] backups2datalad.py Asset in dataset, and hash shows no modification; will not update
2020-10-09T17:13:09-0400 [INFO    ] backups2datalad.py Syncing asset /sub-mouse-ZUDOB/sub-mouse-ZUDOB_ses-20200408-sample-23_slice-20200408-slice-4_cell-20200408-sample-23_icephys.nwb
2020-10-09T17:13:10-0400 [INFO    ] backups2datalad.py Asset in dataset, and hash shows no modification; will not update
2020-10-09T17:13:10-0400 [INFO    ] backups2datalad.py Syncing asset /sub-mouse-ZUDOB/sub-mouse-ZUDOB_ses-20200408-sample-24_slice-20200408-slice-4_cell-20200408-sample-24_icephys.nwb
2020-10-09T17:13:10-0400 [INFO    ] backups2datalad.py Asset in dataset, and hash shows no modification; will not update
2020-10-09T17:13:10-0400 [INFO    ] backups2datalad.py Syncing asset /sub-mouse-ZUDOB/sub-mouse-ZUDOB_ses-20200408-sample-25_slice-20200408-slice-4_cell-20200408-sample-25_icephys.nwb
2020-10-09T17:13:10-0400 [INFO    ] backups2datalad.py Asset in dataset, and hash shows no modification; will not update
2020-10-09T17:13:10-0400 [INFO    ] backups2datalad.py Syncing asset /sub-mouse-ZUDOB/sub-mouse-ZUDOB_ses-20200408-sample-26_slice-20200408-slice-4_cell-20200408-sample-26_icephys.nwb
2020-10-09T17:13:11-0400 [INFO    ] backups2datalad.py Asset in dataset, and hash shows no modification; will not update
2020-10-09T17:13:11-0400 [INFO    ] backups2datalad.py Syncing asset /sub-mouse-ZUDOB/sub-mouse-ZUDOB_ses-20200408-sample-27_slice-20200408-slice-4_cell-20200408-sample-27_icephys.nwb
2020-10-09T17:13:11-0400 [INFO    ] backups2datalad.py Asset in dataset, and hash shows no modification; will not update
2020-10-09T17:13:11-0400 [INFO    ] backups2datalad.py Syncing asset /sub-mouse-ZUDOB/sub-mouse-ZUDOB_ses-20200408-sample-28_slice-20200408-slice-4_cell-20200408-sample-28_icephys.nwb
2020-10-09T17:13:11-0400 [INFO    ] backups2datalad.py Asset in dataset, and hash shows no modification; will not update
2020-10-09T17:13:11-0400 [INFO    ] backups2datalad.py Syncing asset /sub-mouse-ZUDOB/sub-mouse-ZUDOB_ses-20200408-sample-2_slice-20200408-slice-1_cell-20200408-sample-2_icephys.nwb
2020-10-09T17:13:12-0400 [INFO    ] backups2datalad.py Asset in dataset, and hash shows no modification; will not update
2020-10-09T17:13:12-0400 [INFO    ] backups2datalad.py Syncing asset /sub-mouse-ZUDOB/sub-mouse-ZUDOB_ses-20200408-sample-3_slice-20200408-slice-1_cell-20200408-sample-3_icephys.nwb
2020-10-09T17:13:12-0400 [INFO    ] backups2datalad.py Asset in dataset, and hash shows no modification; will not update
2020-10-09T17:13:12-0400 [INFO    ] backups2datalad.py Syncing asset /sub-mouse-ZUDOB/sub-mouse-ZUDOB_ses-20200408-sample-4_slice-20200408-slice-2_cell-20200408-sample-4_icephys.nwb
2020-10-09T17:13:13-0400 [INFO    ] backups2datalad.py Asset in dataset, and hash shows no modification; will not update
2020-10-09T17:13:13-0400 [INFO    ] backups2datalad.py Syncing asset /sub-mouse-ZUDOB/sub-mouse-ZUDOB_ses-20200408-sample-5_slice-20200408-slice-2_cell-20200408-sample-5_icephys.nwb
2020-10-09T17:13:13-0400 [INFO    ] backups2datalad.py Asset in dataset, and hash shows no modification; will not update
2020-10-09T17:13:13-0400 [INFO    ] backups2datalad.py Syncing asset /sub-mouse-ZUDOB/sub-mouse-ZUDOB_ses-20200408-sample-6_slice-20200408-slice-2_cell-20200408-sample-6_icephys.nwb
2020-10-09T17:13:13-0400 [INFO    ] backups2datalad.py Asset in dataset, and hash shows no modification; will not update
2020-10-09T17:13:13-0400 [INFO    ] backups2datalad.py Syncing asset /sub-mouse-ZUDOB/sub-mouse-ZUDOB_ses-20200408-sample-7_slice-20200408-slice-2_cell-20200408-sample-7_icephys.nwb
2020-10-09T17:13:14-0400 [INFO    ] backups2datalad.py Asset in dataset, and hash shows no modification; will not update
2020-10-09T17:13:14-0400 [INFO    ] backups2datalad.py Syncing asset /sub-mouse-ZUDOB/sub-mouse-ZUDOB_ses-20200408-sample-8_slice-20200408-slice-3_cell-20200408-sample-8_icephys.nwb
2020-10-09T17:13:14-0400 [INFO    ] backups2datalad.py Asset in dataset, and hash shows no modification; will not update
2020-10-09T17:13:14-0400 [INFO    ] backups2datalad.py Syncing asset /sub-mouse-ZUDOB/sub-mouse-ZUDOB_ses-20200408-sample-9_slice-20200408-slice-3_cell-20200408-sample-9_icephys.nwb
2020-10-09T17:13:14-0400 [INFO    ] backups2datalad.py Asset in dataset, and hash shows no modification; will not update
2020-10-09T17:13:14-0400 [INFO    ] backups2datalad.py Commiting changes
